[boot] heap initialized (static 64 KiB)
[boot] kernel entry
[boot] physical memory mapped at offset 0x0000028000000000
[boot] memory regions provided: 11
[boot] framebuffer 1280x720 Bgr, 3 bytes_per_pixel, stride 1280
[boot] kernel image: addr=0x1000000, len=5762264 bytes
[FB] Framebuffer initialized.
[qemu] initializing emulated devices
[qemu] RTC stub ready
[qemu] virtio-blk stub ready
[qemu] virtio-net stub ready
[fs] FAT32 main volume (stub) initialized
[acpi] initializing power management stubs
[drivers] PS/2 controller stub initialized
[drivers] PS/2: keyboard detected (stub)
[drivers] PS/2: mouse detected (stub)
[drivers] USB controller stub initialized
[drivers] USB: port 1 device present (stub)
[drivers] USB: port 2 empty (stub)
[Input] key: k
[Input] mouse move: raw=(3,2) accel=(3,2)
[Input] key: u
[Input] key: h
[Input] key: i
[Input] mouse move: raw=(15,8) accel=(19,10)
[Input] key: !
[Input] mouse move: raw=(1,0) accel=(1,0)
[Input] key: k
[Input] mouse move: raw=(0,1) accel=(0,1)
[Input] mouse move: raw=(-1,0) accel=(-1,0)
[Input] mouse move: raw=(0,-1) accel=(0,-1)
[Input] mouse move: raw=(1,0) accel=(1,0)
[Input] mouse move: raw=(0,1) accel=(0,1)
[Input] mouse move: raw=(-1,0) accel=(-1,0)
[Input] mouse move: raw=(0,-1) accel=(0,-1)
[Input] mouse move: raw=(1,0) accel=(1,0)
[Input] key: u
[Input] mouse move: raw=(0,1) accel=(0,1)
[Input] mouse move: raw=(-1,0) accel=(-1,0)
[Input] mouse move: raw=(0,-1) accel=(0,-1)
[Input] mouse move: raw=(1,0) accel=(1,0)
[Input] mouse move: raw=(0,1) accel=(0,1)
[Input] mouse move: raw=(-1,0) accel=(-1,0)
[Input] mouse move: raw=(0,-1) accel=(0,-1)
[Input] mouse move: raw=(1,0) accel=(1,0)
[Input] key: k
[Input] mouse move: raw=(0,1) accel=(0,1)
[Input] mouse move: raw=(-1,0) accel=(-1,0)
[Input] mouse move: raw=(0,-1) accel=(0,-1)
[Input] mouse move: raw=(1,0) accel=(1,0)
[Input] mouse move: raw=(0,1) accel=(0,1)
[Input] mouse move: raw=(-1,0) accel=(-1,0)
[Input] mouse move: raw=(0,-1) accel=(0,-1)
[Input] mouse move: raw=(1,0) accel=(1,0)
[Input] key: u
[Input] mouse move: raw=(0,1) accel=(0,1)
[Input] mouse move: raw=(-1,0) accel=(-1,0)
[Input] mouse move: raw=(0,-1) accel=(0,-1)
[Input] mouse move: raw=(1,0) accel=(1,0)
[Input] mouse move: raw=(0,1) accel=(0,1)
[Input] mouse move: raw=(-1,0) accel=(-1,0)
[Input] mouse move: raw=(0,-1) accel=(0,-1)
[Input] mouse move: raw=(1,0) accel=(1,0)
[Input] key: k
[Input] mouse move: raw=(0,1) accel=(0,1)
[Input] mouse move: raw=(-1,0) accel=(-1,0)
[Input] mouse move: raw=(0,-1) accel=(0,-1)
[Input] mouse move: raw=(1,0) accel=(1,0)
[Input] mouse move: raw=(0,1) accel=(0,1)
[Input] mouse move: raw=(-1,0) accel=(-1,0)
[Input] mouse move: raw=(0,-1) accel=(0,-1)
[Input] mouse move: raw=(1,0) accel=(1,0)
[Input] key: u
[Input] mouse move: raw=(0,1) accel=(0,1)
[Input] mouse move: raw=(-1,0) accel=(-1,0)
[Input] mouse move: raw=(0,-1) accel=(0,-1)
[Input] mouse move: raw=(1,0) accel=(1,0)
[Input] mouse move: raw=(0,1) accel=(0,1)
[Input] mouse move: raw=(-1,0) accel=(-1,0)
[Input] mouse move: raw=(0,-1) accel=(0,-1)
[Input] mouse move: raw=(1,0) accel=(1,0)
[Input] key: k
[Input] mouse move: raw=(0,1) accel=(0,1)
[Input] mouse move: raw=(-1,0) accel=(-1,0)
[Input] mouse move: raw=(0,-1) accel=(0,-1)
[Input] mouse move: raw=(1,0) accel=(1,0)
[Input] mouse move: raw=(0,1) accel=(0,1)
[Input] mouse move: raw=(-1,0) accel=(-1,0)
[Input] mouse move: raw=(0,-1) accel=(0,-1)
[Input] mouse move: raw=(1,0) accel=(1,0)
[Input] key: u
[Input] mouse move: raw=(0,1) accel=(0,1)
[Input] mouse move: raw=(-1,0) accel=(-1,0)
[Input] mouse move: raw=(0,-1) accel=(0,-1)
[Input] mouse move: raw=(1,0) accel=(1,0)
[Input] mouse move: raw=(0,1) accel=(0,1)
[Input] mouse move: raw=(-1,0) accel=(-1,0)
[Input] mouse move: raw=(0,-1) accel=(0,-1)
[Input] mouse move: raw=(1,0) accel=(1,0)
[Input] key: k
[Input] mouse move: raw=(0,1) accel=(0,1)
[Input] mouse move: raw=(-1,0) accel=(-1,0)
[Input] mouse move: raw=(0,-1) accel=(0,-1)
[Input] mouse move: raw=(1,0) accel=(1,0)
[Input] mouse move: raw=(0,1) accel=(0,1)
[Input] mouse move: raw=(-1,0) accel=(-1,0)
[Input] mouse move: raw=(0,-1) accel=(0,-1)
[Input] mouse move: raw=(1,0) accel=(1,0)
[Input] key: u
[Input] mouse move: raw=(0,1) accel=(0,1)
[Input] mouse move: raw=(-1,0) accel=(-1,0)
[Input] mouse move: raw=(0,-1) accel=(0,-1)
[Input] mouse move: raw=(1,0) accel=(1,0)
[Input] mouse move: raw=(0,1) accel=(0,1)
[Input] mouse move: raw=(-1,0) accel=(-1,0)
[Input] mouse move: raw=(0,-1) accel=(0,-1)
[Input] mouse move: raw=(1,0) accel=(1,0)
[Input] key: k
[Input] mouse move: raw=(0,1) accel=(0,1)
[Input] mouse move: raw=(-1,0) accel=(-1,0)
[Input] mouse move: raw=(0,-1) accel=(0,-1)
[Input] mouse move: raw=(1,0) accel=(1,0)
[Input] mouse move: raw=(0,1) accel=(0,1)
[Input] mouse move: raw=(-1,0) accel=(-1,0)
[Input] mouse move: raw=(0,-1) accel=(0,-1)
[Input] mouse move: raw=(1,0) accel=(1,0)
[Input] key: u
[Input] mouse move: raw=(0,1) accel=(0,1)
[Input] mouse move: raw=(-1,0) accel=(-1,0)
[Input] mouse move: raw=(0,-1) accel=(0,-1)
[Input] mouse move: raw=(1,0) accel=(1,0)
[Input] mouse move: raw=(0,1) accel=(0,1)
[Input] mouse move: raw=(-1,0) accel=(-1,0)
[Input] mouse move: raw=(0,-1) accel=(0,-1)
[Input] mouse move: raw=(1,0) accel=(1,0)
[Input] key: k
[Input] mouse move: raw=(0,1) accel=(0,1)
[Input] mouse move: raw=(-1,0) accel=(-1,0)
[Input] mouse move: raw=(0,-1) accel=(0,-1)
[Input] mouse move: raw=(1,0) accel=(1,0)
[Input] mouse move: raw=(0,1) accel=(0,1)
[Input] mouse move: raw=(-1,0) accel=(-1,0)
[Input] mouse move: raw=(0,-1) accel=(0,-1)
[Input] mouse move: raw=(1,0) accel=(1,0)
[Input] key: u
[Input] mouse move: raw=(0,1) accel=(0,1)
[Input] mouse move: raw=(-1,0) accel=(-1,0)
[Input] mouse move: raw=(0,-1) accel=(0,-1)
[Input] mouse move: raw=(1,0) accel=(1,0)
[Input] mouse move: raw=(0,1) accel=(0,1)
[Input] mouse move: raw=(-1,0) accel=(-1,0)
[Input] mouse move: raw=(0,-1) accel=(0,-1)
[Input] mouse move: raw=(1,0) accel=(1,0)
[Input] key: k
[Input] mouse move: raw=(0,1) accel=(0,1)
[Input] mouse move: raw=(-1,0) accel=(-1,0)
[Input] mouse move: raw=(0,-1) accel=(0,-1)
[Input] mouse move: raw=(1,0) accel=(1,0)
[Input] mouse move: raw=(0,1) accel=(0,1)
[Input] mouse move: raw=(-1,0) accel=(-1,0)
[Input] mouse move: raw=(0,-1) accel=(0,-1)
[Input] mouse move: raw=(1,0) accel=(1,0)
[Input] key: u
[Input] mouse move: raw=(0,1) accel=(0,1)
[Input] mouse move: raw=(-1,0) accel=(-1,0)
[Input] mouse move: raw=(0,-1) accel=(0,-1)
[Input] mouse move: raw=(1,0) accel=(1,0)
[Input] mouse move: raw=(0,1) accel=(0,1)
[Input] mouse move: raw=(-1,0) accel=(-1,0)
[Input] mouse move: raw=(0,-1) accel=(0,-1)
[Input] mouse move: raw=(1,0) accel=(1,0)
[Input] key: k
[Input] mouse move: raw=(0,1) accel=(0,1)
[Input] mouse move: raw=(-1,0) accel=(-1,0)
[Input] mouse move: raw=(0,-1) accel=(0,-1)
[Input] mouse move: raw=(1,0) accel=(1,0)
[Input] mouse move: raw=(0,1) accel=(0,1)
[Input] mouse move: raw=(-1,0) accel=(-1,0)
[Input] mouse move: raw=(0,-1) accel=(0,-1)
[Input] mouse move: raw=(1,0) accel=(1,0)
[Input] key: u
[Input] mouse move: raw=(0,1) accel=(0,1)
[Input] mouse move: raw=(-1,0) accel=(-1,0)
[Input] mouse move: raw=(0,-1) accel=(0,-1)
[Input] mouse move: raw=(1,0) accel=(1,0)
[Input] mouse move: raw=(0,1) accel=(0,1)
[Input] mouse move: raw=(-1,0) accel=(-1,0)
[Input] mouse move: raw=(0,-1) accel=(0,-1)
[Input] mouse move: raw=(1,0) accel=(1,0)
[Input] key: k
[Input] mouse move: raw=(0,1) accel=(0,1)
[Input] mouse move: raw=(-1,0) accel=(-1,0)
[Input] mouse move: raw=(0,-1) accel=(0,-1)
[Input] mouse move: raw=(1,0) accel=(1,0)
[Input] mouse move: raw=(0,1) accel=(0,1)
[Input] mouse move: raw=(-1,0) accel=(-1,0)
[Input] mouse move: raw=(0,-1) accel=(0,-1)
[Input] mouse move: raw=(1,0) accel=(1,0)
[Input] key: u
[Input] mouse move: raw=(0,1) accel=(0,1)
[Input] mouse move: raw=(-1,0) accel=(-1,0)
[Input] mouse move: raw=(0,-1) accel=(0,-1)
[Input] mouse move: raw=(1,0) accel=(1,0)
[Input] mouse move: raw=(0,1) accel=(0,1)
[Input] mouse move: raw=(-1,0) accel=(-1,0)
[Input] mouse move: raw=(0,-1) accel=(0,-1)
[Input] mouse move: raw=(1,0) accel=(1,0)
[Input] key: k
[Input] mouse move: raw=(0,1) accel=(0,1)
[Input] mouse move: raw=(-1,0) accel=(-1,0)
[Input] mouse move: raw=(0,-1) accel=(0,-1)
[Input] mouse move: raw=(1,0) accel=(1,0)
[Input] mouse move: raw=(0,1) accel=(0,1)
[Input] mouse move: raw=(-1,0) accel=(-1,0)
[Input] mouse move: raw=(0,-1) accel=(0,-1)
[Input] mouse move: raw=(1,0) accel=(1,0)
[Input] key: u
[Input] mouse move: raw=(0,1) accel=(0,1)
[Input] mouse move: raw=(-1,0) accel=(-1,0)
[Input] mouse move: raw=(0,-1) accel=(0,-1)
[Input] mouse move: raw=(1,0) accel=(1,0)
[Input] mouse move: raw=(0,1) accel=(0,1)
[Input] mouse move: raw=(-1,0) accel=(-1,0)
[Input] mouse move: raw=(0,-1) accel=(0,-1)
[Input] mouse move: raw=(1,0) accel=(1,0)
[Input] key: k
[Input] mouse move: raw=(0,1) accel=(0,1)
[Input] mouse move: raw=(-1,0) accel=(-1,0)
[Input] mouse move: raw=(0,-1) accel=(0,-1)
[Input] mouse move: raw=(1,0) accel=(1,0)
[Input] mouse move: raw=(0,1) accel=(0,1)
[Input] mouse move: raw=(-1,0) accel=(-1,0)
[Input] mouse move: raw=(0,-1) accel=(0,-1)
[Input] mouse move: raw=(1,0) accel=(1,0)
[Input] key: u
[Input] mouse move: raw=(0,1) accel=(0,1)
[Input] mouse move: raw=(-1,0) accel=(-1,0)
[Input] mouse move: raw=(0,-1) accel=(0,-1)
[Input] mouse move: raw=(1,0) accel=(1,0)
[Input] mouse move: raw=(0,1) accel=(0,1)
[Input] mouse move: raw=(-1,0) accel=(-1,0)
[Input] mouse move: raw=(0,-1) accel=(0,-1)
[Input] mouse move: raw=(1,0) accel=(1,0)
[Input] key: k
[Input] mouse move: raw=(0,1) accel=(0,1)
[Input] mouse move: raw=(-1,0) accel=(-1,0)
[Input] mouse move: raw=(0,-1) accel=(0,-1)
[Input] mouse move: raw=(1,0) accel=(1,0)
[Input] mouse move: raw=(0,1) accel=(0,1)
[Input] mouse move: raw=(-1,0) accel=(-1,0)
[Input] mouse move: raw=(0,-1) accel=(0,-1)
[Input] mouse move: raw=(1,0) accel=(1,0)
[Input] key: u
[Input] mouse move: raw=(0,1) accel=(0,1)
[Input] mouse move: raw=(-1,0) accel=(-1,0)
[Input] mouse move: raw=(0,-1) accel=(0,-1)
[Input] mouse move: raw=(1,0) accel=(1,0)
[Input] mouse move: raw=(0,1) accel=(0,1)
[Input] mouse move: raw=(-1,0) accel=(-1,0)
[Input] mouse move: raw=(0,-1) accel=(0,-1)
[Input] mouse move: raw=(1,0) accel=(1,0)
[Input] key: k
[Input] mouse move: raw=(0,1) accel=(0,1)
[Input] mouse move: raw=(-1,0) accel=(-1,0)
[Input] mouse move: raw=(0,-1) accel=(0,-1)
[Input] mouse move: raw=(1,0) accel=(1,0)
[Input] mouse move: raw=(0,1) accel=(0,1)
[Input] mouse move: raw=(-1,0) accel=(-1,0)
[Input] mouse move: raw=(0,-1) accel=(0,-1)
[Input] mouse move: raw=(1,0) accel=(1,0)
[Input] key: u
[Input] mouse move: raw=(0,1) accel=(0,1)
[Input] mouse move: raw=(-1,0) accel=(-1,0)
[Input] mouse move: raw=(0,-1) accel=(0,-1)
[Input] mouse move: raw=(1,0) accel=(1,0)
[Input] mouse move: raw=(0,1) accel=(0,1)
[Input] mouse move: raw=(-1,0) accel=(-1,0)
[Input] mouse move: raw=(0,-1) accel=(0,-1)
[Input] mouse move: raw=(1,0) accel=(1,0)
[Input] key: k
[Input] mouse move: raw=(0,1) accel=(0,1)
[Input] mouse move: raw=(-1,0) accel=(-1,0)
[Input] mouse move: raw=(0,-1) accel=(0,-1)
[Input] mouse move: raw=(1,0) accel=(1,0)
[Input] mouse move: raw=(0,1) accel=(0,1)
[Input] mouse move: raw=(-1,0) accel=(-1,0)
[Input] mouse move: raw=(0,-1) accel=(0,-1)
[Input] mouse move: raw=(1,0) accel=(1,0)
[Input] key: u
[Input] mouse move: raw=(0,1) accel=(0,1)
[Input] mouse move: raw=(-1,0) accel=(-1,0)
[Input] mouse move: raw=(0,-1) accel=(0,-1)
[Input] mouse move: raw=(1,0) accel=(1,0)
[Input] mouse move: raw=(0,1) accel=(0,1)
[Input] mouse move: raw=(-1,0) accel=(-1,0)
[Input] mouse move: raw=(0,-1) accel=(0,-1)
[Input] mouse move: raw=(1,0) accel=(1,0)
[Input] key: k
[Input] mouse move: raw=(0,1) accel=(0,1)
[Input] mouse move: raw=(-1,0) accel=(-1,0)
[Input] mouse move: raw=(0,-1) accel=(0,-1)
[Input] mouse move: raw=(1,0) accel=(1,0)
[Input] mouse move: raw=(0,1) accel=(0,1)
[Input] mouse move: raw=(-1,0) accel=(-1,0)
[Input] mouse move: raw=(0,-1) accel=(0,-1)
[Input] mouse move: raw=(1,0) accel=(1,0)
[Input] key: u
[Input] mouse move: raw=(0,1) accel=(0,1)
[Input] mouse move: raw=(-1,0) accel=(-1,0)
[Input] mouse move: raw=(0,-1) accel=(0,-1)
[Input] mouse move: raw=(1,0) accel=(1,0)
[Input] mouse move: raw=(0,1) accel=(0,1)
[Input] mouse move: raw=(-1,0) accel=(-1,0)
[Input] mouse move: raw=(0,-1) accel=(0,-1)
[Input] mouse move: raw=(1,0) accel=(1,0)
[Input] key: k
[Input] mouse move: raw=(0,1) accel=(0,1)
[Input] mouse move: raw=(-1,0) accel=(-1,0)
[Input] mouse move: raw=(0,-1) accel=(0,-1)
[Input] mouse move: raw=(1,0) accel=(1,0)
[Input] mouse move: raw=(0,1) accel=(0,1)
[Input] mouse move: raw=(-1,0) accel=(-1,0)
[Input] mouse move: raw=(0,-1) accel=(0,-1)
[Input] mouse move: raw=(1,0) accel=(1,0)
[Input] key: u
[Input] mouse move: raw=(0,1) accel=(0,1)
[Input] mouse move: raw=(-1,0) accel=(-1,0)
[Input] mouse move: raw=(0,-1) accel=(0,-1)
[Input] mouse move: raw=(1,0) accel=(1,0)
[Input] mouse move: raw=(0,1) accel=(0,1)
[Input] mouse move: raw=(-1,0) accel=(-1,0)
[Input] mouse move: raw=(0,-1) accel=(0,-1)
[Input] mouse move: raw=(1,0) accel=(1,0)
[Input] key: k
[Input] mouse move: raw=(0,1) accel=(0,1)
[Input] mouse move: raw=(-1,0) accel=(-1,0)
[Input] mouse move: raw=(0,-1) accel=(0,-1)
[Input] mouse move: raw=(1,0) accel=(1,0)
[Input] mouse move: raw=(0,1) accel=(0,1)
[Input] mouse move: raw=(-1,0) accel=(-1,0)
[Input] mouse move: raw=(0,-1) accel=(0,-1)
[Input] mouse move: raw=(1,0) accel=(1,0)
[Input] key: u
[Input] mouse move: raw=(0,1) accel=(0,1)
[Input] mouse move: raw=(-1,0) accel=(-1,0)
[Input] mouse move: raw=(0,-1) accel=(0,-1)
[Input] mouse move: raw=(1,0) accel=(1,0)
[Input] mouse move: raw=(0,1) accel=(0,1)
[Input] mouse move: raw=(-1,0) accel=(-1,0)
[Input] mouse move: raw=(0,-1) accel=(0,-1)
[Input] mouse move: raw=(1,0) accel=(1,0)
[Input] key: k
[Input] mouse move: raw=(0,1) accel=(0,1)
[Input] mouse move: raw=(-1,0) accel=(-1,0)
[Input] mouse move: raw=(0,-1) accel=(0,-1)
[Input] mouse move: raw=(1,0) accel=(1,0)
[Input] mouse move: raw=(0,1) accel=(0,1)
[Input] mouse move: raw=(-1,0) accel=(-1,0)
[Input] mouse move: raw=(0,-1) accel=(0,-1)
[Input] mouse move: raw=(1,0) accel=(1,0)
[Input] key: u
[Input] mouse move: raw=(0,1) accel=(0,1)
[Input] mouse move: raw=(-1,0) accel=(-1,0)
[Input] mouse move: raw=(0,-1) accel=(0,-1)
[Input] mouse move: raw=(1,0) accel=(1,0)
[Input] mouse move: raw=(0,1) accel=(0,1)
[Input] mouse move: raw=(-1,0) accel=(-1,0)
[Input] mouse move: raw=(0,-1) accel=(0,-1)
[Input] mouse move: raw=(1,0) accel=(1,0)
[Input] key: k
[Input] mouse move: raw=(0,1) accel=(0,1)
[Input] mouse move: raw=(-1,0) accel=(-1,0)
[Input] mouse move: raw=(0,-1) accel=(0,-1)
[Input] mouse move: raw=(1,0) accel=(1,0)
[Input] mouse move: raw=(0,1) accel=(0,1)
[Input] mouse move: raw=(-1,0) accel=(-1,0)
[Input] mouse move: raw=(0,-1) accel=(0,-1)
[Input] mouse move: raw=(1,0) accel=(1,0)
[Input] key: u
[Input] mouse move: raw=(0,1) accel=(0,1)
[Input] mouse move: raw=(-1,0) accel=(-1,0)
[Input] mouse move: raw=(0,-1) accel=(0,-1)
[Input] mouse move: raw=(1,0) accel=(1,0)
[Input] mouse move: raw=(0,1) accel=(0,1)
[Input] mouse move: raw=(-1,0) accel=(-1,0)
[Input] mouse move: raw=(0,-1) accel=(0,-1)
[Input] mouse move: raw=(1,0) accel=(1,0)
[Input] key: k
[Input] mouse move: raw=(0,1) accel=(0,1)
[Input] mouse move: raw=(-1,0) accel=(-1,0)
[Input] mouse move: raw=(0,-1) accel=(0,-1)
[Input] mouse move: raw=(1,0) accel=(1,0)
[Input] mouse move: raw=(0,1) accel=(0,1)
[Input] mouse move: raw=(-1,0) accel=(-1,0)
[Input] mouse move: raw=(0,-1) accel=(0,-1)
[Input] mouse move: raw=(1,0) accel=(1,0)
[Input] key: u
[Input] mouse move: raw=(0,1) accel=(0,1)
[Input] mouse move: raw=(-1,0) accel=(-1,0)
[Input] mouse move: raw=(0,-1) accel=(0,-1)
[Input] mouse move: raw=(1,0) accel=(1,0)
[Input] mouse move: raw=(0,1) accel=(0,1)
[Input] mouse move: raw=(-1,0) accel=(-1,0)
[Input] mouse move: raw=(0,-1) accel=(0,-1)
[Input] mouse move: raw=(1,0) accel=(1,0)
[Input] key: k
[Input] mouse move: raw=(0,1) accel=(0,1)
[Input] mouse move: raw=(-1,0) accel=(-1,0)
[Input] mouse move: raw=(0,-1) accel=(0,-1)
[Input] mouse move: raw=(1,0) accel=(1,0)
[Input] mouse move: raw=(0,1) accel=(0,1)
[Input] mouse move: raw=(-1,0) accel=(-1,0)
[Input] mouse move: raw=(0,-1) accel=(0,-1)
[Input] mouse move: raw=(1,0) accel=(1,0)
[Input] key: u
[Input] mouse move: raw=(0,1) accel=(0,1)
[Input] mouse move: raw=(-1,0) accel=(-1,0)
[Input] mouse move: raw=(0,-1) accel=(0,-1)
[Input] mouse move: raw=(1,0) accel=(1,0)
[Input] mouse move: raw=(0,1) accel=(0,1)
[Input] mouse move: raw=(-1,0) accel=(-1,0)
[Input] mouse move: raw=(0,-1) accel=(0,-1)
[Input] mouse move: raw=(1,0) accel=(1,0)
[Input] key: k
[Input] mouse move: raw=(0,1) accel=(0,1)
[Input] mouse move: raw=(-1,0) accel=(-1,0)
[Input] mouse move: raw=(0,-1) accel=(0,-1)
[Input] mouse move: raw=(1,0) accel=(1,0)
[Input] mouse move: raw=(0,1) accel=(0,1)
[Input] mouse move: raw=(-1,0) accel=(-1,0)
[Input] mouse move: raw=(0,-1) accel=(0,-1)
[Input] mouse move: raw=(1,0) accel=(1,0)
[Input] key: u
[Input] mouse move: raw=(0,1) accel=(0,1)
[Input] mouse move: raw=(-1,0) accel=(-1,0)
[Input] mouse move: raw=(0,-1) accel=(0,-1)
[Input] mouse move: raw=(1,0) accel=(1,0)
[Input] mouse move: raw=(0,1) accel=(0,1)
[Input] mouse move: raw=(-1,0) accel=(-1,0)
[Input] mouse move: raw=(0,-1) accel=(0,-1)
[Input] mouse move: raw=(1,0) accel=(1,0)
[Input] key: k
[Input] mouse move: raw=(0,1) accel=(0,1)
[Input] mouse move: raw=(-1,0) accel=(-1,0)
[Input] mouse move: raw=(0,-1) accel=(0,-1)
[Input] mouse move: raw=(1,0) accel=(1,0)
[Input] mouse move: raw=(0,1) accel=(0,1)
[Input] mouse move: raw=(-1,0) accel=(-1,0)
[Input] mouse move: raw=(0,-1) accel=(0,-1)
[Input] mouse move: raw=(1,0) accel=(1,0)
[Input] key: u
[Input] mouse move: raw=(0,1) accel=(0,1)
[Input] mouse move: raw=(-1,0) accel=(-1,0)
[Input] mouse move: raw=(0,-1) accel=(0,-1)
[Input] mouse move: raw=(1,0) accel=(1,0)
[Input] mouse move: raw=(0,1) accel=(0,1)
[Input] mouse move: raw=(-1,0) accel=(-1,0)
[Input] mouse move: raw=(0,-1) accel=(0,-1)
[Input] mouse move: raw=(1,0) accel=(1,0)
[Input] key: k
[Input] mouse move: raw=(0,1) accel=(0,1)
[Input] mouse move: raw=(-1,0) accel=(-1,0)
[Input] mouse move: raw=(0,-1) accel=(0,-1)
[Input] mouse move: raw=(1,0) accel=(1,0)
[Input] mouse move: raw=(0,1) accel=(0,1)
[Input] mouse move: raw=(-1,0) accel=(-1,0)
[Input] mouse move: raw=(0,-1) accel=(0,-1)
[Input] mouse move: raw=(1,0) accel=(1,0)
[Input] key: u
[Input] mouse move: raw=(0,1) accel=(0,1)
[Input] mouse move: raw=(-1,0) accel=(-1,0)
[Input] mouse move: raw=(0,-1) accel=(0,-1)
[Input] mouse move: raw=(1,0) accel=(1,0)
[Input] mouse move: raw=(0,1) accel=(0,1)
[Input] mouse move: raw=(-1,0) accel=(-1,0)
[Input] mouse move: raw=(0,-1) accel=(0,-1)
[Input] mouse move: raw=(1,0) accel=(1,0)
[Input] key: k
[Input] mouse move: raw=(0,1) accel=(0,1)
[Input] mouse move: raw=(-1,0) accel=(-1,0)
[Input] mouse move: raw=(0,-1) accel=(0,-1)
[Input] mouse move: raw=(1,0) accel=(1,0)
[Input] mouse move: raw=(0,1) accel=(0,1)
[Input] mouse move: raw=(-1,0) accel=(-1,0)
[Input] mouse move: raw=(0,-1) accel=(0,-1)
[Input] mouse move: raw=(1,0) accel=(1,0)
[Input] key: u
[Input] mouse move: raw=(0,1) accel=(0,1)
[Input] mouse move: raw=(-1,0) accel=(-1,0)
[Input] mouse move: raw=(0,-1) accel=(0,-1)
[Input] mouse move: raw=(1,0) accel=(1,0)
[Input] mouse move: raw=(0,1) accel=(0,1)
[Input] mouse move: raw=(-1,0) accel=(-1,0)
[Input] mouse move: raw=(0,-1) accel=(0,-1)
[Input] mouse move: raw=(1,0) accel=(1,0)
[Input] key: k
[Input] mouse move: raw=(0,1) accel=(0,1)
[Input] mouse move: raw=(-1,0) accel=(-1,0)
[Input] mouse move: raw=(0,-1) accel=(0,-1)
[Input] mouse move: raw=(1,0) accel=(1,0)
[Input] mouse move: raw=(0,1) accel=(0,1)
[Input] mouse move: raw=(-1,0) accel=(-1,0)
[Input] mouse move: raw=(0,-1) accel=(0,-1)
[Input] mouse move: raw=(1,0) accel=(1,0)
[Input] key: u
[Input] mouse move: raw=(0,1) accel=(0,1)
[Input] mouse move: raw=(-1,0) accel=(-1,0)
[Input] mouse move: raw=(0,-1) accel=(0,-1)
[Input] mouse move: raw=(1,0) accel=(1,0)
[Input] mouse move: raw=(0,1) accel=(0,1)
[Input] mouse move: raw=(-1,0) accel=(-1,0)
[Input] mouse move: raw=(0,-1) accel=(0,-1)
[Input] mouse move: raw=(1,0) accel=(1,0)
[Input] key: k
[Input] mouse move: raw=(0,1) accel=(0,1)
[Input] mouse move: raw=(-1,0) accel=(-1,0)
[Input] mouse move: raw=(0,-1) accel=(0,-1)
[Input] mouse move: raw=(1,0) accel=(1,0)
[Input] mouse move: raw=(0,1) accel=(0,1)
[Input] mouse move: raw=(-1,0) accel=(-1,0)
[Input] mouse move: raw=(0,-1) accel=(0,-1)
[Input] mouse move: raw=(1,0) accel=(1,0)
[Input] key: u
[Input] mouse move: raw=(0,1) accel=(0,1)
[Input] mouse move: raw=(-1,0) accel=(-1,0)
[Input] mouse move: raw=(0,-1) accel=(0,-1)
[Input] mouse move: raw=(1,0) accel=(1,0)
[Input] mouse move: raw=(0,1) accel=(0,1)
[Input] mouse move: raw=(-1,0) accel=(-1,0)
[Input] mouse move: raw=(0,-1) accel=(0,-1)
[Input] mouse move: raw=(1,0) accel=(1,0)
[Input] key: k
[Input] mouse move: raw=(0,1) accel=(0,1)
[Input] mouse move: raw=(-1,0) accel=(-1,0)
[Input] mouse move: raw=(0,-1) accel=(0,-1)
[Input] mouse move: raw=(1,0) accel=(1,0)
[Input] mouse move: raw=(0,1) accel=(0,1)
[Input] mouse move: raw=(-1,0) accel=(-1,0)
[Input] mouse move: raw=(0,-1) accel=(0,-1)
[Input] mouse move: raw=(1,0) accel=(1,0)
[Input] key: u
[Input] mouse move: raw=(0,1) accel=(0,1)
[Input] mouse move: raw=(-1,0) accel=(-1,0)
[Input] mouse move: raw=(0,-1) accel=(0,-1)
[Input] mouse move: raw=(1,0) accel=(1,0)
[Input] mouse move: raw=(0,1) accel=(0,1)
[Input] mouse move: raw=(-1,0) accel=(-1,0)
[Input] mouse move: raw=(0,-1) accel=(0,-1)
[Input] mouse move: raw=(1,0) accel=(1,0)
[Input] key: k
[Input] mouse move: raw=(0,1) accel=(0,1)
[Input] mouse move: raw=(-1,0) accel=(-1,0)
[Input] mouse move: raw=(0,-1) accel=(0,-1)
[Input] mouse move: raw=(1,0) accel=(1,0)
[Input] mouse move: raw=(0,1) accel=(0,1)
[Input] mouse move: raw=(-1,0) accel=(-1,0)
[Input] mouse move: raw=(0,-1) accel=(0,-1)
[Input] mouse move: raw=(1,0) accel=(1,0)
[Input] key: u
[Input] mouse move: raw=(0,1) accel=(0,1)
[Input] mouse move: raw=(-1,0) accel=(-1,0)
[Input] mouse move: raw=(0,-1) accel=(0,-1)
[Input] mouse move: raw=(1,0) accel=(1,0)
[Input] mouse move: raw=(0,1) accel=(0,1)
[Input] mouse move: raw=(-1,0) accel=(-1,0)
[Input] mouse move: raw=(0,-1) accel=(0,-1)
[Input] mouse move: raw=(1,0) accel=(1,0)
[Input] key: k
[Input] mouse move: raw=(0,1) accel=(0,1)
[Input] mouse move: raw=(-1,0) accel=(-1,0)
[Input] mouse move: raw=(0,-1) accel=(0,-1)
[Input] mouse move: raw=(1,0) accel=(1,0)
[Input] mouse move: raw=(0,1) accel=(0,1)
[Input] mouse move: raw=(-1,0) accel=(-1,0)
[Input] mouse move: raw=(0,-1) accel=(0,-1)
[Input] mouse move: raw=(1,0) accel=(1,0)
[Input] key: u
[Input] mouse move: raw=(0,1) accel=(0,1)
[Input] mouse move: raw=(-1,0) accel=(-1,0)
[Input] mouse move: raw=(0,-1) accel=(0,-1)
[Input] mouse move: raw=(1,0) accel=(1,0)
[Input] mouse move: raw=(0,1) accel=(0,1)
[Input] mouse move: raw=(-1,0) accel=(-1,0)
[Input] mouse move: raw=(0,-1) accel=(0,-1)
[Input] mouse move: raw=(1,0) accel=(1,0)
[Input] key: k
[Input] mouse move: raw=(0,1) accel=(0,1)
[Input] mouse move: raw=(-1,0) accel=(-1,0)
[Input] mouse move: raw=(0,-1) accel=(0,-1)
[Input] mouse move: raw=(1,0) accel=(1,0)
[Input] mouse move: raw=(0,1) accel=(0,1)
[Input] mouse move: raw=(-1,0) accel=(-1,0)
[Input] mouse move: raw=(0,-1) accel=(0,-1)
[Input] mouse move: raw=(1,0) accel=(1,0)
[Input] key: u
[Input] mouse move: raw=(0,1) accel=(0,1)
[Input] mouse move: raw=(-1,0) accel=(-1,0)
[Input] mouse move: raw=(0,-1) accel=(0,-1)
[Input] mouse move: raw=(1,0) accel=(1,0)
[Input] mouse move: raw=(0,1) accel=(0,1)
[Input] mouse move: raw=(-1,0) accel=(-1,0)
[Input] mouse move: raw=(0,-1) accel=(0,-1)
[Input] mouse move: raw=(1,0) accel=(1,0)
[Input] key: k
[Input] mouse move: raw=(0,1) accel=(0,1)
[Input] mouse move: raw=(-1,0) accel=(-1,0)
[Input] mouse move: raw=(0,-1) accel=(0,-1)
[Input] mouse move: raw=(1,0) accel=(1,0)
[Input] mouse move: raw=(0,1) accel=(0,1)
[Input] mouse move: raw=(-1,0) accel=(-1,0)
[Input] mouse move: raw=(0,-1) accel=(0,-1)
[Input] mouse move: raw=(1,0) accel=(1,0)
[Input] key: u
[Input] mouse move: raw=(0,1) accel=(0,1)
[Input] mouse move: raw=(-1,0) accel=(-1,0)
[Input] mouse move: raw=(0,-1) accel=(0,-1)
[Input] mouse move: raw=(1,0) accel=(1,0)
[Input] mouse move: raw=(0,1) accel=(0,1)
[Input] mouse move: raw=(-1,0) accel=(-1,0)
[Input] mouse move: raw=(0,-1) accel=(0,-1)
[Input] mouse move: raw=(1,0) accel=(1,0)
[Input] key: k
[Input] mouse move: raw=(0,1) accel=(0,1)
[Input] mouse move: raw=(-1,0) accel=(-1,0)
[Input] mouse move: raw=(0,-1) accel=(0,-1)
[Input] mouse move: raw=(1,0) accel=(1,0)
[Input] mouse move: raw=(0,1) accel=(0,1)
[Input] mouse move: raw=(-1,0) accel=(-1,0)
[Input] mouse move: raw=(0,-1) accel=(0,-1)
[Input] mouse move: raw=(1,0) accel=(1,0)
[Input] key: u
[Input] mouse move: raw=(0,1) accel=(0,1)
[Input] mouse move: raw=(-1,0) accel=(-1,0)
[Input] mouse move: raw=(0,-1) accel=(0,-1)
[Input] mouse move: raw=(1,0) accel=(1,0)
[Input] mouse move: raw=(0,1) accel=(0,1)
[Input] mouse move: raw=(-1,0) accel=(-1,0)
[Input] mouse move: raw=(0,-1) accel=(0,-1)
[Input] mouse move: raw=(1,0) accel=(1,0)
[Input] key: k
[Input] mouse move: raw=(0,1) accel=(0,1)
[Input] mouse move: raw=(-1,0) accel=(-1,0)
[Input] mouse move: raw=(0,-1) accel=(0,-1)
[Input] mouse move: raw=(1,0) accel=(1,0)
[Input] mouse move: raw=(0,1) accel=(0,1)
[Input] mouse move: raw=(-1,0) accel=(-1,0)
[Input] mouse move: raw=(0,-1) accel=(0,-1)
[Input] mouse move: raw=(1,0) accel=(1,0)
[Input] key: u
[Input] mouse move: raw=(0,1) accel=(0,1)
[Input] mouse move: raw=(-1,0) accel=(-1,0)
[Input] mouse move: raw=(0,-1) accel=(0,-1)
[Input] mouse move: raw=(1,0) accel=(1,0)
[Input] mouse move: raw=(0,1) accel=(0,1)
[Input] mouse move: raw=(-1,0) accel=(-1,0)
[Input] mouse move: raw=(0,-1) accel=(0,-1)
[Input] mouse move: raw=(1,0) accel=(1,0)
[Input] key: k
[Input] mouse move: raw=(0,1) accel=(0,1)
[Input] mouse move: raw=(-1,0) accel=(-1,0)
[Input] mouse move: raw=(0,-1) accel=(0,-1)
[Input] mouse move: raw=(1,0) accel=(1,0)
[Input] mouse move: raw=(0,1) accel=(0,1)
[Input] mouse move: raw=(-1,0) accel=(-1,0)
[Input] mouse move: raw=(0,-1) accel=(0,-1)
[Input] mouse move: raw=(1,0) accel=(1,0)
[Input] key: u
[Input] mouse move: raw=(0,1) accel=(0,1)
[Input] mouse move: raw=(-1,0) accel=(-1,0)
[Input] mouse move: raw=(0,-1) accel=(0,-1)
[Input] mouse move: raw=(1,0) accel=(1,0)
[Input] mouse move: raw=(0,1) accel=(0,1)
[Input] mouse move: raw=(-1,0) accel=(-1,0)
[Input] mouse move: raw=(0,-1) accel=(0,-1)
[Input] mouse move: raw=(1,0) accel=(1,0)
[Input] key: k
[Input] mouse move: raw=(0,1) accel=(0,1)
[Input] mouse move: raw=(-1,0) accel=(-1,0)
[Input] mouse move: raw=(0,-1) accel=(0,-1)
[Input] mouse move: raw=(1,0) accel=(1,0)
[Input] mouse move: raw=(0,1) accel=(0,1)
[Input] mouse move: raw=(-1,0) accel=(-1,0)
[Input] mouse move: raw=(0,-1) accel=(0,-1)
[Input] mouse move: raw=(1,0) accel=(1,0)
[Input] key: u
[Input] mouse move: raw=(0,1) accel=(0,1)
[Input] mouse move: raw=(-1,0) accel=(-1,0)
[Input] mouse move: raw=(0,-1) accel=(0,-1)
[Input] mouse move: raw=(1,0) accel=(1,0)
[Input] mouse move: raw=(0,1) accel=(0,1)
[Input] mouse move: raw=(-1,0) accel=(-1,0)
[Input] mouse move: raw=(0,-1) accel=(0,-1)
[Input] mouse move: raw=(1,0) accel=(1,0)
[Input] key: k
[Input] mouse move: raw=(0,1) accel=(0,1)
[Input] mouse move: raw=(-1,0) accel=(-1,0)
[Input] mouse move: raw=(0,-1) accel=(0,-1)
[Input] mouse move: raw=(1,0) accel=(1,0)
[Input] mouse move: raw=(0,1) accel=(0,1)
[Input] mouse move: raw=(-1,0) accel=(-1,0)
[Input] mouse move: raw=(0,-1) accel=(0,-1)
[Input] mouse move: raw=(1,0) accel=(1,0)
[Input] key: u
[Input] mouse move: raw=(0,1) accel=(0,1)
[Input] mouse move: raw=(-1,0) accel=(-1,0)
[Input] mouse move: raw=(0,-1) accel=(0,-1)
[Input] mouse move: raw=(1,0) accel=(1,0)
[Input] mouse move: raw=(0,1) accel=(0,1)
[Input] mouse move: raw=(-1,0) accel=(-1,0)
[Input] mouse move: raw=(0,-1) accel=(0,-1)
[Input] mouse move: raw=(1,0) accel=(1,0)
[Input] key: k
[Input] mouse move: raw=(0,1) accel=(0,1)
[Input] mouse move: raw=(-1,0) accel=(-1,0)
[Input] mouse move: raw=(0,-1) accel=(0,-1)
[Input] mouse move: raw=(1,0) accel=(1,0)
[Input] mouse move: raw=(0,1) accel=(0,1)
[Input] mouse move: raw=(-1,0) accel=(-1,0)
[Input] mouse move: raw=(0,-1) accel=(0,-1)
[Input] mouse move: raw=(1,0) accel=(1,0)
[Input] key: u
[Input] mouse move: raw=(0,1) accel=(0,1)
[Input] mouse move: raw=(-1,0) accel=(-1,0)
[Input] mouse move: raw=(0,-1) accel=(0,-1)
[Input] mouse move: raw=(1,0) accel=(1,0)
[Input] mouse move: raw=(0,1) accel=(0,1)
[Input] mouse move: raw=(-1,0) accel=(-1,0)
[Input] mouse move: raw=(0,-1) accel=(0,-1)
[Input] mouse move: raw=(1,0) accel=(1,0)
[Input] key: k
[Input] mouse move: raw=(0,1) accel=(0,1)
[Input] mouse move: raw=(-1,0) accel=(-1,0)
[Input] mouse move: raw=(0,-1) accel=(0,-1)
[Input] mouse move: raw=(1,0) accel=(1,0)
[Input] mouse move: raw=(0,1) accel=(0,1)
[Input] mouse move: raw=(-1,0) accel=(-1,0)
[Input] mouse move: raw=(0,-1) accel=(0,-1)
[Input] mouse move: raw=(1,0) accel=(1,0)
[Input] key: u
[Input] mouse move: raw=(0,1) accel=(0,1)
[Input] mouse move: raw=(-1,0) accel=(-1,0)
[Input] mouse move: raw=(0,-1) accel=(0,-1)
[Input] mouse move: raw=(1,0) accel=(1,0)
[Input] mouse move: raw=(0,1) accel=(0,1)
[Input] mouse move: raw=(-1,0) accel=(-1,0)
[Input] mouse move: raw=(0,-1) accel=(0,-1)
[Input] mouse move: raw=(1,0) accel=(1,0)
[Input] key: k
[Input] mouse move: raw=(0,1) accel=(0,1)
[Input] mouse move: raw=(-1,0) accel=(-1,0)
[Input] mouse move: raw=(0,-1) accel=(0,-1)
[Input] mouse move: raw=(1,0) accel=(1,0)
[Input] mouse move: raw=(0,1) accel=(0,1)
[Input] mouse move: raw=(-1,0) accel=(-1,0)
[Input] mouse move: raw=(0,-1) accel=(0,-1)
[Input] mouse move: raw=(1,0) accel=(1,0)
[Input] key: u
[Input] mouse move: raw=(0,1) accel=(0,1)
[Input] mouse move: raw=(-1,0) accel=(-1,0)
[Input] mouse move: raw=(0,-1) accel=(0,-1)
[Input] mouse move: raw=(1,0) accel=(1,0)
[Input] mouse move: raw=(0,1) accel=(0,1)
[Input] mouse move: raw=(-1,0) accel=(-1,0)
[Input] mouse move: raw=(0,-1) accel=(0,-1)
[Input] mouse move: raw=(1,0) accel=(1,0)
[Input] key: k
[Input] mouse move: raw=(0,1) accel=(0,1)
[Input] mouse move: raw=(-1,0) accel=(-1,0)
[Input] mouse move: raw=(0,-1) accel=(0,-1)
[Input] mouse move: raw=(1,0) accel=(1,0)
[Input] mouse move: raw=(0,1) accel=(0,1)
[Input] mouse move: raw=(-1,0) accel=(-1,0)
[Input] mouse move: raw=(0,-1) accel=(0,-1)
[Input] mouse move: raw=(1,0) accel=(1,0)
[Input] key: u
[Input] mouse move: raw=(0,1) accel=(0,1)
[Input] mouse move: raw=(-1,0) accel=(-1,0)
[Input] mouse move: raw=(0,-1) accel=(0,-1)
[Input] mouse move: raw=(1,0) accel=(1,0)
[Input] mouse move: raw=(0,1) accel=(0,1)
[Input] mouse move: raw=(-1,0) accel=(-1,0)
[Input] mouse move: raw=(0,-1) accel=(0,-1)
[Input] mouse move: raw=(1,0) accel=(1,0)
[Input] key: k
[Input] mouse move: raw=(0,1) accel=(0,1)
[Input] mouse move: raw=(-1,0) accel=(-1,0)
[Input] mouse move: raw=(0,-1) accel=(0,-1)
[Input] mouse move: raw=(1,0) accel=(1,0)
[Input] mouse move: raw=(0,1) accel=(0,1)
[Input] mouse move: raw=(-1,0) accel=(-1,0)
[Input] mouse move: raw=(0,-1) accel=(0,-1)
[Input] mouse move: raw=(1,0) accel=(1,0)
[Input] key: u
[Input] mouse move: raw=(0,1) accel=(0,1)
[Input] mouse move: raw=(-1,0) accel=(-1,0)
[Input] mouse move: raw=(0,-1) accel=(0,-1)
[Input] mouse move: raw=(1,0) accel=(1,0)
[Input] mouse move: raw=(0,1) accel=(0,1)
[Input] mouse move: raw=(-1,0) accel=(-1,0)
[Input] mouse move: raw=(0,-1) accel=(0,-1)
[Input] mouse move: raw=(1,0) accel=(1,0)
[Input] key: k
[Input] mouse move: raw=(0,1) accel=(0,1)
[Input] mouse move: raw=(-1,0) accel=(-1,0)
[Input] mouse move: raw=(0,-1) accel=(0,-1)
[Input] mouse move: raw=(1,0) accel=(1,0)
[Input] mouse move: raw=(0,1) accel=(0,1)
[Input] mouse move: raw=(-1,0) accel=(-1,0)
[Input] mouse move: raw=(0,-1) accel=(0,-1)
[Input] mouse move: raw=(1,0) accel=(1,0)
[Input] key: u
[Input] mouse move: raw=(0,1) accel=(0,1)
[Input] mouse move: raw=(-1,0) accel=(-1,0)
[Input] mouse move: raw=(0,-1) accel=(0,-1)
[Input] mouse move: raw=(1,0) accel=(1,0)
[Input] mouse move: raw=(0,1) accel=(0,1)
[Input] mouse move: raw=(-1,0) accel=(-1,0)
[Input] mouse move: raw=(0,-1) accel=(0,-1)
[Input] mouse move: raw=(1,0) accel=(1,0)
[Input] key: k
[Input] mouse move: raw=(0,1) accel=(0,1)
[Input] mouse move: raw=(-1,0) accel=(-1,0)
[Input] mouse move: raw=(0,-1) accel=(0,-1)
[Input] mouse move: raw=(1,0) accel=(1,0)
[Input] mouse move: raw=(0,1) accel=(0,1)
[Input] mouse move: raw=(-1,0) accel=(-1,0)
[Input] mouse move: raw=(0,-1) accel=(0,-1)
[Input] mouse move: raw=(1,0) accel=(1,0)
[Input] key: u
[Input] mouse move: raw=(0,1) accel=(0,1)
[Input] mouse move: raw=(-1,0) accel=(-1,0)
[Input] mouse move: raw=(0,-1) accel=(0,-1)
[Input] mouse move: raw=(1,0) accel=(1,0)
[Input] mouse move: raw=(0,1) accel=(0,1)
[Input] mouse move: raw=(-1,0) accel=(-1,0)
[Input] mouse move: raw=(0,-1) accel=(0,-1)
[Input] mouse move: raw=(1,0) accel=(1,0)
[Input] key: k
[Input] mouse move: raw=(0,1) accel=(0,1)
[Input] mouse move: raw=(-1,0) accel=(-1,0)
[Input] mouse move: raw=(0,-1) accel=(0,-1)
[Input] mouse move: raw=(1,0) accel=(1,0)
[Input] mouse move: raw=(0,1) accel=(0,1)
[Input] mouse move: raw=(-1,0) accel=(-1,0)
[Input] mouse move: raw=(0,-1) accel=(0,-1)
[Input] mouse move: raw=(1,0) accel=(1,0)
[Input] key: u
[Input] mouse move: raw=(0,1) accel=(0,1)
[Input] mouse move: raw=(-1,0) accel=(-1,0)
[Input] mouse move: raw=(0,-1) accel=(0,-1)
[Input] mouse move: raw=(1,0) accel=(1,0)
[Input] mouse move: raw=(0,1) accel=(0,1)
[Input] mouse move: raw=(-1,0) accel=(-1,0)
[Input] mouse move: raw=(0,-1) accel=(0,-1)
[Input] mouse move: raw=(1,0) accel=(1,0)
[Input] key: k
[Input] mouse move: raw=(0,1) accel=(0,1)
[Input] mouse move: raw=(-1,0) accel=(-1,0)
[Input] mouse move: raw=(0,-1) accel=(0,-1)
[Input] mouse move: raw=(1,0) accel=(1,0)
[Input] mouse move: raw=(0,1) accel=(0,1)
[Input] mouse move: raw=(-1,0) accel=(-1,0)
[Input] mouse move: raw=(0,-1) accel=(0,-1)
[Input] mouse move: raw=(1,0) accel=(1,0)
[Input] key: u
[Input] mouse move: raw=(0,1) accel=(0,1)
[Input] mouse move: raw=(-1,0) accel=(-1,0)
[Input] mouse move: raw=(0,-1) accel=(0,-1)
[Input] mouse move: raw=(1,0) accel=(1,0)
[Input] mouse move: raw=(0,1) accel=(0,1)
[Input] mouse move: raw=(-1,0) accel=(-1,0)
[Input] mouse move: raw=(0,-1) accel=(0,-1)
[Input] mouse move: raw=(1,0) accel=(1,0)
[Input] key: k
[Input] mouse move: raw=(0,1) accel=(0,1)
[Input] mouse move: raw=(-1,0) accel=(-1,0)
[Input] mouse move: raw=(0,-1) accel=(0,-1)
[Input] mouse move: raw=(1,0) accel=(1,0)
[Input] mouse move: raw=(0,1) accel=(0,1)
[Input] mouse move: raw=(-1,0) accel=(-1,0)
[Input] mouse move: raw=(0,-1) accel=(0,-1)
[Input] mouse move: raw=(1,0) accel=(1,0)
[Input] key: u
[Input] mouse move: raw=(0,1) accel=(0,1)
[Input] mouse move: raw=(-1,0) accel=(-1,0)
[Input] mouse move: raw=(0,-1) accel=(0,-1)
[Input] mouse move: raw=(1,0) accel=(1,0)
[Input] mouse move: raw=(0,1) accel=(0,1)
[Input] mouse move: raw=(-1,0) accel=(-1,0)
[Input] mouse move: raw=(0,-1) accel=(0,-1)
[Input] mouse move: raw=(1,0) accel=(1,0)
[Input] key: k
[Input] mouse move: raw=(0,1) accel=(0,1)
[Input] mouse move: raw=(-1,0) accel=(-1,0)
[Input] mouse move: raw=(0,-1) accel=(0,-1)
[Input] mouse move: raw=(1,0) accel=(1,0)
[Input] mouse move: raw=(0,1) accel=(0,1)
[Input] mouse move: raw=(-1,0) accel=(-1,0)
[Input] mouse move: raw=(0,-1) accel=(0,-1)
[Input] mouse move: raw=(1,0) accel=(1,0)
[Input] key: u
[Input] mouse move: raw=(0,1) accel=(0,1)
[Input] mouse move: raw=(-1,0) accel=(-1,0)
[Input] mouse move: raw=(0,-1) accel=(0,-1)
[Input] mouse move: raw=(1,0) accel=(1,0)
[Input] mouse move: raw=(0,1) accel=(0,1)
[Input] mouse move: raw=(-1,0) accel=(-1,0)
[Input] mouse move: raw=(0,-1) accel=(0,-1)
[Input] mouse move: raw=(1,0) accel=(1,0)
[Input] key: k
[Input] mouse move: raw=(0,1) accel=(0,1)
[Input] mouse move: raw=(-1,0) accel=(-1,0)
[Input] mouse move: raw=(0,-1) accel=(0,-1)
[Input] mouse move: raw=(1,0) accel=(1,0)
[Input] mouse move: raw=(0,1) accel=(0,1)
[Input] mouse move: raw=(-1,0) accel=(-1,0)
[Input] mouse move: raw=(0,-1) accel=(0,-1)
[Input] mouse move: raw=(1,0) accel=(1,0)
[Input] key: u
[Input] mouse move: raw=(0,1) accel=(0,1)
[Input] mouse move: raw=(-1,0) accel=(-1,0)
[Input] mouse move: raw=(0,-1) accel=(0,-1)
[Input] mouse move: raw=(1,0) accel=(1,0)
[Input] mouse move: raw=(0,1) accel=(0,1)
[Input] mouse move: raw=(-1,0) accel=(-1,0)
[Input] mouse move: raw=(0,-1) accel=(0,-1)
[Input] mouse move: raw=(1,0) accel=(1,0)
[Input] key: k
[Input] mouse move: raw=(0,1) accel=(0,1)
[Input] mouse move: raw=(-1,0) accel=(-1,0)
[Input] mouse move: raw=(0,-1) accel=(0,-1)
[Input] mouse move: raw=(1,0) accel=(1,0)
[Input] mouse move: raw=(0,1) accel=(0,1)
[Input] mouse move: raw=(-1,0) accel=(-1,0)
[Input] mouse move: raw=(0,-1) accel=(0,-1)
[Input] mouse move: raw=(1,0) accel=(1,0)
[Input] key: u
[Input] mouse move: raw=(0,1) accel=(0,1)
[Input] mouse move: raw=(-1,0) accel=(-1,0)
[Input] mouse move: raw=(0,-1) accel=(0,-1)
[Input] mouse move: raw=(1,0) accel=(1,0)
[Input] mouse move: raw=(0,1) accel=(0,1)
[Input] mouse move: raw=(-1,0) accel=(-1,0)
[Input] mouse move: raw=(0,-1) accel=(0,-1)
[Input] mouse move: raw=(1,0) accel=(1,0)
[Input] key: k
[Input] mouse move: raw=(0,1) accel=(0,1)
[Input] mouse move: raw=(-1,0) accel=(-1,0)
[Input] mouse move: raw=(0,-1) accel=(0,-1)
[Input] mouse move: raw=(1,0) accel=(1,0)
[Input] mouse move: raw=(0,1) accel=(0,1)
[Input] mouse move: raw=(-1,0) accel=(-1,0)
[Input] mouse move: raw=(0,-1) accel=(0,-1)
[Input] mouse move: raw=(1,0) accel=(1,0)
[Input] key: u
[Input] mouse move: raw=(0,1) accel=(0,1)
[Input] mouse move: raw=(-1,0) accel=(-1,0)
[Input] mouse move: raw=(0,-1) accel=(0,-1)
[Input] mouse move: raw=(1,0) accel=(1,0)
[Input] mouse move: raw=(0,1) accel=(0,1)
[Input] mouse move: raw=(-1,0) accel=(-1,0)
[Input] mouse move: raw=(0,-1) accel=(0,-1)
[Input] mouse move: raw=(1,0) accel=(1,0)
[Input] key: k
[Input] mouse move: raw=(0,1) accel=(0,1)
[Input] mouse move: raw=(-1,0) accel=(-1,0)
[Input] mouse move: raw=(0,-1) accel=(0,-1)
[Input] mouse move: raw=(1,0) accel=(1,0)
[Input] mouse move: raw=(0,1) accel=(0,1)
[Input] mouse move: raw=(-1,0) accel=(-1,0)
[Input] mouse move: raw=(0,-1) accel=(0,-1)
[Input] mouse move: raw=(1,0) accel=(1,0)
[Input] key: u
[Input] mouse move: raw=(0,1) accel=(0,1)
[Input] mouse move: raw=(-1,0) accel=(-1,0)
[Input] mouse move: raw=(0,-1) accel=(0,-1)
