[boot] heap initialized (static 64 KiB)
[boot] kernel entry
[boot] physical memory mapped at offset 0x0000028000000000
[boot] memory regions provided: 11
[boot] framebuffer 1280x720 Bgr, 3 bytes_per_pixel, stride 1280
[boot] kernel image: addr=0x1000000, len=5140432 bytes
[FB] Draw text
[FB] Framebuffer initialized.
[FB] Draw text
[FB] Draw text
[FB] Draw text
[FB] Draw text
[FB] Draw text
[FB] Draw text
[FB] Frame rendered.
[login] attempting auto-login as admin
[FB] Draw text
[FB] Frame rendered.
[login] login successful
[FB] Clear screen
[FB] Draw text
[FB] Draw text
[FB] Draw text
[FB] Frame rendered.
[cmd-ui] running: listusers
> listusers
- admin
[FB] Draw text
[FB] Frame rendered.
[cmd-ui] running: login admin pass123
> login admin pass123
login successful for 'admin'
[FB] Draw text
[FB] Frame rendered.
[cmd-ui] running: useradd guest guest
> useradd guest guest
user 'guest' created
[FB] Draw text
[FB] Frame rendered.
[cmd-ui] running: listusers
> listusers
- admin
- guest
[FB] Frame rendered.
[FB] Draw text
[FB] Frame rendered.
[apps] selecting option 1
[FB] Draw text
[FB] Frame rendered.
[apps] selecting option 3
[FB] Draw text
[FB] Frame rendered.
[Input] key: h
[FB] Draw text
[FB] Draw text
[FB] Draw text
[FB] Draw text
[FB] Frame rendered.
[windowing] rendered windows and cursor
[Input] key: i
[FB] Draw text
[FB] Draw text
[FB] Draw text
[FB] Draw text
[FB] Frame rendered.
[windowing] rendered windows and cursor
[Input] mouse move: (15, 8)
[FB] Draw text
[FB] Draw text
[FB] Draw text
[FB] Draw text
[FB] Frame rendered.
[windowing] rendered windows and cursor
[Input] key: !
[FB] Draw text
[FB] Draw text
[FB] Draw text
[FB] Draw text
[FB] Frame rendered.
[windowing] rendered windows and cursor
[Input] key: h
[FB] Draw text
[FB] Draw text
[FB] Draw text
[FB] Draw text
[FB] Frame rendered.
[windowing] rendered windows and cursor
[Input] key: i
[FB] Draw text
[FB] Draw text
[FB] Draw text
[FB] Draw text
[FB] Frame rendered.
[windowing] rendered windows and cursor
[Input] mouse move: (15, 8)
[FB] Draw text
[FB] Draw text
[FB] Draw text
[FB] Draw text
[FB] Frame rendered.
[windowing] rendered windows and cursor
[Input] key: !
[FB] Draw text
[FB] Draw text
[FB] Draw text
[FB] Draw text
[FB] Frame rendered.
[windowing] rendered windows and cursor
